c:\users\joe\documents\visual studio 2015\projects\newproject\newproject\debug\vc140.pdb
c:\users\joe\documents\visual studio 2015\projects\newproject\newproject\debug\vc140.idb
c:\users\joe\documents\visual studio 2015\projects\newproject\newproject\debug\arraylist.obj
c:\users\joe\documents\visual studio 2015\projects\newproject\newproject\debug\avl_tree.obj
c:\users\joe\documents\visual studio 2015\projects\newproject\newproject\debug\ds.obj
c:\users\joe\documents\visual studio 2015\projects\newproject\newproject\debug\expertds.obj
c:\users\joe\documents\visual studio 2015\projects\newproject\newproject\debug\hashtable.obj
c:\users\joe\documents\visual studio 2015\projects\newproject\newproject\debug\int_tries.obj
c:\users\joe\documents\visual studio 2015\projects\newproject\newproject\debug\linkedlist.obj
c:\users\joe\documents\visual studio 2015\projects\newproject\newproject\debug\node.obj
c:\users\joe\documents\visual studio 2015\projects\newproject\newproject\debug\queue.obj
c:\users\joe\documents\visual studio 2015\projects\newproject\newproject\debug\segmax.obj
c:\users\joe\documents\visual studio 2015\projects\newproject\newproject\debug\segmin.obj
c:\users\joe\documents\visual studio 2015\projects\newproject\newproject\debug\segsum.obj
c:\users\joe\documents\visual studio 2015\projects\newproject\newproject\debug\source.obj
c:\users\joe\documents\visual studio 2015\projects\newproject\newproject\debug\sparse.obj
c:\users\joe\documents\visual studio 2015\projects\newproject\newproject\debug\stack.obj
c:\users\joe\documents\visual studio 2015\projects\newproject\newproject\debug\unordered_map.obj
c:\users\joe\documents\visual studio 2015\projects\newproject\newproject\debug\vector.obj
c:\users\joe\documents\visual studio 2015\projects\newproject\debug\newproject.ilk
c:\users\joe\documents\visual studio 2015\projects\newproject\debug\newproject.exe
c:\users\joe\documents\visual studio 2015\projects\newproject\debug\newproject.pdb
c:\users\joe\documents\visual studio 2015\projects\newproject\newproject\debug\newproject.tlog\cl.command.1.tlog
c:\users\joe\documents\visual studio 2015\projects\newproject\newproject\debug\newproject.tlog\cl.read.1.tlog
c:\users\joe\documents\visual studio 2015\projects\newproject\newproject\debug\newproject.tlog\cl.write.1.tlog
c:\users\joe\documents\visual studio 2015\projects\newproject\newproject\debug\newproject.tlog\link.command.1.tlog
c:\users\joe\documents\visual studio 2015\projects\newproject\newproject\debug\newproject.tlog\link.read.1.tlog
c:\users\joe\documents\visual studio 2015\projects\newproject\newproject\debug\newproject.tlog\link.write.1.tlog
